0. soldier:Hips
1. soldier:Spine
2. soldier:Spine1
3. soldier:Spine2
4. soldier:Neck
5. soldier:Neck1
6. soldier:Head
7. soldier:HeadTop_End
8. soldier:LeftShoulder
9. soldier:LeftArm
10. soldier:LeftForeArm
11. soldier:LeftHand
12. soldier:LeftInHandThumb
13. soldier:LeftHandThumb1
14. soldier:LeftHandThumb2_End
15. soldier:LeftHandIndex1
16. soldier:LeftHandIndex2
17. soldier:LeftHandIndex3_End
18. soldier:RightShoulder
19. soldier:RightArm
20. soldier:RightForeArm
21. soldier:RightHand
22. soldier:RightInHandThumb
23. soldier:RightHandThumb1
24. soldier:RightHandThumb2_End
25. soldier:RightHandIndex1
26. soldier:RightHandIndex2
27. soldier:RightHandIndex3_End
28. soldier:LeftUpLeg
29. soldier:LeftLeg
30. soldier:LeftFoot
31. soldier:LeftToeBase
32. soldier:LeftFootToeBase_End
33. soldier:RightUpLeg
34. soldier:RightLeg
35. soldier:RightFoot
36. soldier:RightToeBase
37. soldier:RightFootToeBase_End
